<?xml version="1.0" encoding="UTF-8"?>
<!-- Generated by org.testng.reporters.JUnitReportReporter -->
<testsuite skipped="0" hostname="admin-PC" name="com.zoopla.testcases.BaseClass" tests="1" failures="0" timestamp="29 Apr 2019 14:39:44 GMT" time="171.629" errors="0">
  <testcase name="setup" time="171.629" classname="com.zoopla.testcases.BaseClass"/>
</testsuite> <!-- com.zoopla.testcases.BaseClass -->
